<?xml version="1.0" encoding="UTF-8"?>
<!-- Generated by org.testng.reporters.JUnitXMLReporter -->
<testsuite ignored="0" hostname="DESKTOP-QV2KGQ4" failures="1" tests="1" name="Test3" time="26.7" errors="0" timestamp="2024-09-23T14:14:25 IST">
  <testcase classname="testCase.TC001_AccountRegistrationTest" name="verify_Account_Registration" time="10.155">
    <failure type="java.lang.AssertionError" message="null">
      <![CDATA[java.lang.AssertionError: null
at testCase.TC001_AccountRegistrationTest.verify_Account_Registration(TC001_AccountRegistrationTest.java:48)
at java.base/java.util.ArrayList.forEach(ArrayList.java:1597)
... Removed 27 stack frames]]>
    </failure>
  </testcase> <!-- verify_Account_Registration -->
</testsuite> <!-- Test3 -->
